PHYSICAL LEVEL PARAMETERS (BOUNDARY CONDITION SET TO SHIFT AT E_LEVEL)

J = 0.5-  E_level =   6.5360 MeV  ITERATIONS =     0
  R =  1  l =   0  s =  0.5  G  =   245.000000 keV        g_int =     0.696987 MeV^(1/2)   g_ext =  (0.000000,0.000000) MeV^(1/2) 

J = 0.5-  E_level =   6.9890 MeV  ITERATIONS =     0
  R =  1  l =   0  s =  0.5  G  =    51.000000 keV        g_int =     0.191377 MeV^(1/2)   g_ext =  (0.000000,0.000000) MeV^(1/2) 

J = 0.5-  E_level =   7.7020 MeV  ITERATIONS =     0
  R =  1  l =   0  s =  0.5  G  =    30.000000 keV        g_int =     0.106543 MeV^(1/2)   g_ext =  (0.000000,0.000000) MeV^(1/2) 

J = 0.5-  E_level =  20.0000 MeV  ITERATIONS =     0
  R =  1  l =   0  s =  0.5  G  =     0.000000 meV        g_int =     0.000000 MeV^(1/2)   g_ext =  (0.000000,0.000000) MeV^(1/2) 

J = 0.5+  E_level =   5.3803 MeV  ITERATIONS =     0
  R =  1  l =   1  s =  0.5  G  =     3.842418 keV        g_int =     1.240479 MeV^(1/2)   g_ext =  (0.000000,0.000000) MeV^(1/2) 

J = 0.5+  E_level =   6.2500 MeV  ITERATIONS =     0
  R =  1  l =   1  s =  0.5  G  =     7.900000 keV        g_int =     0.182174 MeV^(1/2)   g_ext =  (0.000000,0.000000) MeV^(1/2) 

J = 0.5+  E_level =  20.0000 MeV  ITERATIONS =     0
  R =  1  l =   1  s =  0.5  G  =     0.000000 meV        g_int =     0.000000 MeV^(1/2)   g_ext =  (0.000000,0.000000) MeV^(1/2) 

J = 1.5-  E_level =   6.0940 MeV  ITERATIONS =     0
  R =  1  l =   2  s =  0.5  G  =     3.900000 keV        g_int =     0.280980 MeV^(1/2)   g_ext =  (0.000000,0.000000) MeV^(1/2) 

J = 1.5-  E_level =   6.8910 MeV  ITERATIONS =     0
  R =  1  l =   2  s =  0.5  G  =    28.000000 keV        g_int =     0.269292 MeV^(1/2)   g_ext =  (0.000000,0.000000) MeV^(1/2) 

J = 1.5-  E_level =  20.0000 MeV  ITERATIONS =     0
  R =  1  l =   2  s =  0.5  G  =     0.000000 meV        g_int =     0.000000 MeV^(1/2)   g_ext =  (0.000000,0.000000) MeV^(1/2) 

J = 1.5+  E_level =   5.4960 MeV  ITERATIONS =     0
  R =  1  l =   1  s =  0.5  G  =     3.200000 keV        g_int =     0.601607 MeV^(1/2)   g_ext =  (0.000000,0.000000) MeV^(1/2) 

J = 1.5+  E_level =   6.5350 MeV  ITERATIONS =     0
  R =  1  l =   1  s =  0.5  G  =     1.200000 keV        g_int =     0.050038 MeV^(1/2)   g_ext =  (0.000000,0.000000) MeV^(1/2) 

J = 1.5+  E_level =   7.2620 MeV  ITERATIONS =     0
  R =  1  l =   1  s =  0.5  G  =     6.000000 keV        g_int =     0.064999 MeV^(1/2)   g_ext =  (0.000000,0.000000) MeV^(1/2) 

J = 1.5+  E_level =  20.0000 MeV  ITERATIONS =     0
  R =  1  l =   1  s =  0.5  G  =     0.000000 meV        g_int =     0.000000 MeV^(1/2)   g_ext =  (0.000000,0.000000) MeV^(1/2) 

J = 2.5-  E_level =  20.0000 MeV  ITERATIONS =     0
  R =  1  l =   2  s =  0.5  G  =     0.000000 meV        g_int =     0.000000 MeV^(1/2)   g_ext =  (0.000000,0.000000) MeV^(1/2) 

J = 2.5+  E_level =   6.2890 MeV  ITERATIONS =     0
  R =  1  l =   3  s =  0.5  G  =     2.400000 keV        g_int =     0.347347 MeV^(1/2)   g_ext =  (0.000000,0.000000) MeV^(1/2) 

J = 2.5+  E_level =   6.8380 MeV  ITERATIONS =     0
  R =  1  l =   3  s =  0.5  G  =     1.200000 keV        g_int =     0.108627 MeV^(1/2)   g_ext =  (0.000000,0.000000) MeV^(1/2) 

J = 2.5+  E_level =  20.0000 MeV  ITERATIONS =     0
  R =  1  l =   3  s =  0.5  G  =     0.000000 meV        g_int =     0.000000 MeV^(1/2)   g_ext =  (0.000000,0.000000) MeV^(1/2) 

J = 3.5-  E_level =   6.9260 MeV  ITERATIONS =     0
  R =  1  l =   4  s =  0.5  G  =     2.400000 keV        g_int =     0.337983 MeV^(1/2)   g_ext =  (0.000000,0.000000) MeV^(1/2) 

J = 3.5-  E_level =  20.0000 MeV  ITERATIONS =     0
  R =  1  l =   4  s =  0.5  G  =     0.000000 meV        g_int =     0.000000 MeV^(1/2)   g_ext =  (0.000000,0.000000) MeV^(1/2) 

J = 3.5+  E_level =   6.0770 MeV  ITERATIONS =     0
  R =  1  l =   3  s =  0.5  G  =     1.200000 keV        g_int =     0.365340 MeV^(1/2)   g_ext =  (0.000000,0.000000) MeV^(1/2) 

J = 3.5+  E_level =   6.3380 MeV  ITERATIONS =     0
  R =  1  l =   3  s =  0.5  G  =     3.600000 keV        g_int =     0.396043 MeV^(1/2)   g_ext =  (0.000000,0.000000) MeV^(1/2) 

J = 3.5+  E_level =   6.5630 MeV  ITERATIONS =     0
  R =  1  l =   3  s =  0.5  G  =   300.000000 eV         g_int =     0.077301 MeV^(1/2)   g_ext =  (0.000000,0.000000) MeV^(1/2) 

J = 3.5+  E_level =   7.1140 MeV  ITERATIONS =     0
  R =  1  l =   3  s =  0.5  G  =    32.000000 keV        g_int =     0.444737 MeV^(1/2)   g_ext =  (0.000000,0.000000) MeV^(1/2) 

J = 3.5+  E_level =   7.5600 MeV  ITERATIONS =     0
  R =  1  l =   3  s =  0.5  G  =    90.000000 keV        g_int =     0.520795 MeV^(1/2)   g_ext =  (0.000000,0.000000) MeV^(1/2) 

J = 3.5+  E_level =  20.0000 MeV  ITERATIONS =     0
  R =  1  l =   3  s =  0.5  G  =     0.000000 meV        g_int =     0.000000 MeV^(1/2)   g_ext =  (0.000000,0.000000) MeV^(1/2) 

J = 4.5-  E_level =  20.0000 MeV  ITERATIONS =     0
  R =  1  l =   4  s =  0.5  G  =     0.000000 meV        g_int =     0.000000 MeV^(1/2)   g_ext =  (0.000000,0.000000) MeV^(1/2) 

